(THU.CST) os is loading ...

Special kernel symbols:
  entry  0xc010002a (phys)
  etext  0xc0108dd7 (phys)
  edata  0xc0120a68 (phys)
  end    0xc0121c10 (phys)
Kernel executable memory footprint: 135KB
ebp = 0xc011ff38 eip = 0xc01009df
arg 0:0xc011ff4a arg 1:0xc011ff4b arg 2:0xc011ff4c arg 3:0xc011ff4d 
    kern/debug/kdebug.c:297: print_stackframe+21
ebp = 0xc011ff48 eip = 0xc01000cb
arg 0:0xc011ff6a arg 1:0xc011ff6b arg 2:0xc011ff6c arg 3:0xc011ff6d 
    kern/init/init.c:57: grade_backtrace2+33
ebp = 0xc011ff68 eip = 0xc01000f4
arg 0:0xc011ff8a arg 1:0xc011ff8b arg 2:0xc011ff8c arg 3:0xc011ff8d 
    kern/init/init.c:62: grade_backtrace1+38
ebp = 0xc011ff88 eip = 0xc0100112
arg 0:0xc011ffaa arg 1:0xc011ffab arg 2:0xc011ffac arg 3:0xc011ffad 
    kern/init/init.c:67: grade_backtrace0+23
ebp = 0xc011ffa8 eip = 0xc0100137
arg 0:0xc011ffca arg 1:0xc011ffcb arg 2:0xc011ffcc arg 3:0xc011ffcd 
    kern/init/init.c:72: grade_backtrace+34
ebp = 0xc011ffc8 eip = 0xc010007f
arg 0:0xc011fffa arg 1:0xc011fffb arg 2:0xc011fffc arg 3:0xc011fffd 
    kern/init/init.c:32: kern_init+84
ebp = 0xc011fff8 eip = 0xc0100028
arg 0:0x2 arg 1:0x3 arg 2:0x4 arg 3:0x5 
    kern/init/entry.S:27: <unknown>+0
memory management: default_pmm_manager
e820map:
  memory: 0009fc00, [00000000, 0009fbff], type = 1.
  memory: 00000400, [0009fc00, 0009ffff], type = 2.
  memory: 00010000, [000f0000, 000fffff], type = 2.
  memory: 07efe000, [00100000, 07ffdfff], type = 1.
  memory: 00002000, [07ffe000, 07ffffff], type = 2.
  memory: 00040000, [fffc0000, ffffffff], type = 2.
free -----------
1 0xc0126440 
free -----------
1 0xc0126440 
free -----------
1 0xc0126440 
free -----------
1 0xc0126440 
free -----------
1 0xc01264a0 
1 0xc0126440 
free -----------
1 0xc01264a0 
1 0xc0126440 
free -----------
1 0xc0126440 
free -----------
1 0xc0126480 
free -----------
1 0xc0126440 
free -----------
1 0xc0126440 
1 0xc0126480 
free -----------
1 0xc0126480 
1 0xc0126440 
free -----------
1 0xc0126440 
1 0xc0126480 
free -----------
1 0xc0126440 
free -----------
1 0xc0126440 
check_alloc_page() succeeded!
free -----------
1 0xc01264a0 
free -----------
1 0xc01264a0 
1 0xc0126460 
free -----------
1 0xc0126460 
check_pgdir() succeeded!
free -----------
1 0xc01280a0 
1 0xc0128060 
free -----------
1 0xc0128060 
check_boot_pgdir() succeeded!
-------------------- BEGIN --------------------
PDE(0e0) c0000000-f8000000 38000000 urw
  |-- PTE(38000) c0000000-f8000000 38000000 -rw
PDE(001) fac00000-fb000000 00400000 -rw
  |-- PTE(000e0) faf00000-fafe0000 000e0000 urw
  |-- PTE(00001) fafeb000-fafec000 00001000 -rw
--------------------- END ---------------------
free -----------
1 0xc0128d00 
1 0xc01281a0 
free -----------
1 0xc0128d00 
1 0xc0128180 
free -----------
1 0xc0128d00 
1 0xc0128160 
free -----------
1 0xc0128d00 
1 0xc0128140 
free -----------
1 0xc0128d00 
1 0xc0128120 
free -----------
1 0xc0128d00 
1 0xc0128100 
free -----------
1 0xc0128d00 
1 0xc01280e0 
free -----------
1 0xc0128d00 
1 0xc01280c0 
free -----------
1 0xc0128d00 
1 0xc01280a0 
free -----------
1 0xc0128d00 
1 0xc0128080 
free -----------
1 0xc0128d00 
1 0xc0128080 
free -----------
1 0xc0128d00 
1 0xc0128080 
free -----------
1 0xc0128d00 
1 0xc0128080 
free -----------
1 0xc0128d00 
1 0xc0128080 
free -----------
1 0xc0128d00 
1 0xc0128080 
free -----------
1 0xc0128d00 
1 0xc0128080 
free -----------
1 0xc0128d00 
1 0xc0128080 
free -----------
1 0xc0128d00 
1 0xc0128080 
free -----------
1 0xc0128d00 
1 0xc0128080 
free -----------
1 0xc0128d00 
1 0xc0128080 
free -----------
1 0xc0128d00 
1 0xc0128080 
free -----------
1 0xc0128d00 
1 0xc0128080 
free -----------
1 0xc0128d00 
1 0xc0128080 
free -----------
1 0xc0128d00 
1 0xc0128080 
free -----------
1 0xc0128d00 
1 0xc0128080 
free -----------
1 0xc0128d00 
1 0xc0128080 
free -----------
1 0xc0128d00 
1 0xc0128080 
free -----------
1 0xc0128d00 
1 0xc0128080 
free -----------
1 0xc0128d00 
1 0xc0128080 
free -----------
1 0xc0128d00 
1 0xc0128080 
free -----------
1 0xc0128d00 
1 0xc0128080 
free -----------
1 0xc0128d00 
1 0xc0128080 
free -----------
1 0xc0128d00 
1 0xc0128080 
free -----------
1 0xc0128d00 
1 0xc0128080 
free -----------
1 0xc0128d00 
1 0xc0128080 
free -----------
1 0xc0128d00 
1 0xc0128080 
free -----------
1 0xc0128d00 
1 0xc0128080 
free -----------
1 0xc0128d00 
1 0xc0128080 
free -----------
1 0xc0128d00 
1 0xc0128080 
free -----------
1 0xc0128d00 
1 0xc0128080 
free -----------
1 0xc0128d00 
1 0xc0128080 
free -----------
1 0xc0128d00 
1 0xc0128080 
free -----------
1 0xc0128d00 
1 0xc0128080 
free -----------
1 0xc0128d00 
1 0xc0128080 
free -----------
1 0xc0128d00 
1 0xc0128080 
free -----------
1 0xc0128d00 
1 0xc0128080 
free -----------
1 0xc0128d00 
1 0xc0128080 
free -----------
1 0xc0128d00 
1 0xc0128080 
free -----------
1 0xc0128d00 
1 0xc0128080 
free -----------
1 0xc0128d00 
1 0xc0128080 
free -----------
1 0xc0128d00 
1 0xc0128080 
free -----------
1 0xc0128d00 
1 0xc0128080 
free -----------
1 0xc0128d00 
1 0xc0128080 
free -----------
1 0xc0128d00 
1 0xc0128080 
free -----------
1 0xc0128d00 
1 0xc0128080 
free -----------
1 0xc0128d00 
1 0xc0128080 
free -----------
1 0xc0128d00 
1 0xc0128080 
free -----------
1 0xc0128d00 
1 0xc0128080 
free -----------
1 0xc0128d00 
1 0xc0128080 
free -----------
1 0xc0128d00 
1 0xc0128080 
free -----------
1 0xc0128d00 
1 0xc0128080 
free -----------
1 0xc0128d00 
1 0xc0128080 
free -----------
1 0xc0128d00 
1 0xc0128080 
free -----------
1 0xc0128d00 
1 0xc0128080 
free -----------
1 0xc0128d00 
1 0xc0128080 
free -----------
1 0xc0128d00 
1 0xc0128080 
free -----------
1 0xc0128d00 
1 0xc0128080 
free -----------
1 0xc0128d00 
1 0xc0128080 
free -----------
1 0xc0128d00 
1 0xc0128080 
free -----------
1 0xc0128d00 
1 0xc0128080 
free -----------
1 0xc0128d00 
1 0xc0128080 
free -----------
1 0xc0128d00 
1 0xc0128080 
free -----------
1 0xc0128d00 
1 0xc0128080 
free -----------
1 0xc0128d00 
1 0xc0128080 
free -----------
1 0xc0128d00 
1 0xc0128080 
free -----------
1 0xc0128d00 
1 0xc0128080 
free -----------
1 0xc0128d00 
1 0xc0128080 
free -----------
1 0xc0128d00 
1 0xc0128080 
free -----------
1 0xc0128d00 
1 0xc0128080 
free -----------
1 0xc0128d00 
1 0xc0128080 
free -----------
1 0xc0128d00 
1 0xc0128080 
free -----------
1 0xc0128d00 
1 0xc0128080 
free -----------
1 0xc0128d00 
1 0xc0128080 
free -----------
1 0xc0128d00 
1 0xc0128080 
free -----------
1 0xc0128d00 
1 0xc0128080 
free -----------
1 0xc0128d00 
1 0xc0128080 
free -----------
1 0xc0128d00 
1 0xc0128080 
free -----------
1 0xc0128d00 
1 0xc0128080 
free -----------
1 0xc0128d00 
1 0xc0128080 
free -----------
1 0xc0128d00 
1 0xc0128080 
free -----------
1 0xc0128d00 
1 0xc0128080 
free -----------
1 0xc0128d00 
1 0xc0128080 
free -----------
1 0xc0128d00 
1 0xc0128080 
free -----------
1 0xc0128d00 
1 0xc0128080 
free -----------
1 0xc0128d00 
1 0xc0128080 
free -----------
1 0xc0128d00 
1 0xc0128080 
free -----------
1 0xc0128d00 
1 0xc0128080 
free -----------
1 0xc0128d00 
1 0xc0128080 
free -----------
1 0xc0128d00 
1 0xc0128080 
free -----------
1 0xc0128080 
free -----------
1 0xc0128060 
check_vma_struct() succeeded!
page fault at 0x00000100: K/W [no page found].
dddd
free -----------
1 0xc01280c0 
free -----------
1 0xc01280a0 
free -----------
1 0xc0128080 
free -----------
1 0xc0128060 
check_pgfault() succeeded!
check_vmm() succeeded.
ide 0:      10000(sectors), 'QEMU HARDDISK'.
ide 1:     262144(sectors), 'QEMU HARDDISK'.
SWAP: manager = fifo swap manager
BEGIN check_swap: count 1, total 31995
setup Page Table for vaddr 0X1000, so alloc a page
setup Page Table vaddr 0~4MB OVER!
free -----------
1 0xc01280c0 
free -----------
1 0xc01280c0 
free -----------
1 0xc01280c0 
free -----------
1 0xc01280c0 
set up init env for check_swap begin!
page fault at 0x00001000: K/W [no page found].
dddd
page fault at 0x00002000: K/W [no page found].
dddd
page fault at 0x00003000: K/W [no page found].
dddd
page fault at 0x00004000: K/W [no page found].
dddd
set up init env for check_swap over!
write Virt Page c in fifo_check_swap
write Virt Page a in fifo_check_swap
write Virt Page d in fifo_check_swap
write Virt Page b in fifo_check_swap
write Virt Page e in fifo_check_swap
page fault at 0x00005000: K/W [no page found].
dddd
swap_out: i 0, store page in vaddr 0x1000 to disk swap entry 2
free -----------
1 0xc01280c0 
write Virt Page b in fifo_check_swap
write Virt Page a in fifo_check_swap
page fault at 0x00001000: K/W [no page found].
dddd
swap_out: i 0, store page in vaddr 0x2000 to disk swap entry 3
free -----------
1 0xc01280e0 
swap_in: load disk swap entry 2 with swap_page in vadr 0x1000
write Virt Page b in fifo_check_swap
page fault at 0x00002000: K/W [no page found].
dddd
swap_out: i 0, store page in vaddr 0x3000 to disk swap entry 4
free -----------
1 0xc0128100 
swap_in: load disk swap entry 3 with swap_page in vadr 0x2000
write Virt Page c in fifo_check_swap
page fault at 0x00003000: K/W [no page found].
dddd
swap_out: i 0, store page in vaddr 0x4000 to disk swap entry 5
free -----------
1 0xc0128120 
swap_in: load disk swap entry 4 with swap_page in vadr 0x3000
write Virt Page d in fifo_check_swap
page fault at 0x00004000: K/W [no page found].
dddd
swap_out: i 0, store page in vaddr 0x5000 to disk swap entry 6
free -----------
1 0xc01280c0 
swap_in: load disk swap entry 5 with swap_page in vadr 0x4000
free -----------
1 0xc01280c0 
free -----------
1 0xc01280c0 
free -----------
1 0xc01280c0 
free -----------
1 0xc01280c0 
free -----------
1 0xc01280c0 
1 0xc0128080 
free -----------
1 0xc01280c0 
1 0xc0128060 
count is 0, total is 7
check_swap() succeeded!
++ setup timer interrupts
100 ticks
End of Test.
kernel panic at kern/trap/trap.c:20:
    EOT: kernel seems ok.
Welcome to the kernel debug monitor!!
Type 'help' for a list of commands.
K> 